{
  "/home/scifarer/ldev/Github/SINTEF/pds-fe/src/utils/casing.ts": {
    "path": "/home/scifarer/ldev/Github/SINTEF/pds-fe/src/utils/casing.ts",
    "statementMap": {
      "0": {
        "start": {
          "line": 2,
          "column": 2
        },
        "end": {
          "line": 2,
          "column": 66
        }
      },
      "1": {
        "start": {
          "line": 6,
          "column": 2
        },
        "end": {
          "line": 6,
          "column": 60
        }
      }
    },
    "fnMap": {
      "0": {
        "name": "capitalize",
        "decl": {
          "start": {
            "line": 1,
            "column": 9
          },
          "end": {
            "line": 1,
            "column": 19
          }
        },
        "loc": {
          "start": {
            "line": 1,
            "column": 41
          },
          "end": {
            "line": 3,
            "column": 1
          }
        },
        "line": 1
      },
      "1": {
        "name": "formatCamelCase",
        "decl": {
          "start": {
            "line": 5,
            "column": 9
          },
          "end": {
            "line": 5,
            "column": 24
          }
        },
        "loc": {
          "start": {
            "line": 5,
            "column": 46
          },
          "end": {
            "line": 7,
            "column": 1
          }
        },
        "line": 5
      }
    },
    "branchMap": {},
    "s": {
      "0": 96,
      "1": 96
    },
    "f": {
      "0": 96,
      "1": 96
    },
    "b": {},
    "_coverageSchema": "1a1c01bbd47fc00a2c39e90264f33305004495a9",
    "hash": "833def21fbac7030f003cf59be00a3660f160e12"
  },
  "/home/scifarer/ldev/Github/SINTEF/pds-fe/src/components/search-field/index.tsx": {
    "path": "/home/scifarer/ldev/Github/SINTEF/pds-fe/src/components/search-field/index.tsx",
    "statementMap": {
      "0": {
        "start": {
          "line": 25,
          "column": 55
        },
        "end": {
          "line": 118,
          "column": 1
        }
      },
      "1": {
        "start": {
          "line": 36,
          "column": 34
        },
        "end": {
          "line": 36,
          "column": 61
        }
      },
      "2": {
        "start": {
          "line": 37,
          "column": 30
        },
        "end": {
          "line": 37,
          "column": 49
        }
      },
      "3": {
        "start": {
          "line": 38,
          "column": 34
        },
        "end": {
          "line": 38,
          "column": 54
        }
      },
      "4": {
        "start": {
          "line": 39,
          "column": 25
        },
        "end": {
          "line": 52,
          "column": 3
        }
      },
      "5": {
        "start": {
          "line": 40,
          "column": 4
        },
        "end": {
          "line": 51,
          "column": 5
        }
      },
      "6": {
        "start": {
          "line": 41,
          "column": 6
        },
        "end": {
          "line": 41,
          "column": 27
        }
      },
      "7": {
        "start": {
          "line": 42,
          "column": 11
        },
        "end": {
          "line": 51,
          "column": 5
        }
      },
      "8": {
        "start": {
          "line": 43,
          "column": 6
        },
        "end": {
          "line": 43,
          "column": 27
        }
      },
      "9": {
        "start": {
          "line": 44,
          "column": 11
        },
        "end": {
          "line": 51,
          "column": 5
        }
      },
      "10": {
        "start": {
          "line": 45,
          "column": 6
        },
        "end": {
          "line": 45,
          "column": 31
        }
      },
      "11": {
        "start": {
          "line": 46,
          "column": 6
        },
        "end": {
          "line": 46,
          "column": 35
        }
      },
      "12": {
        "start": {
          "line": 47,
          "column": 6
        },
        "end": {
          "line": 47,
          "column": 21
        }
      },
      "13": {
        "start": {
          "line": 48,
          "column": 11
        },
        "end": {
          "line": 51,
          "column": 5
        }
      },
      "14": {
        "start": {
          "line": 49,
          "column": 6
        },
        "end": {
          "line": 49,
          "column": 40
        }
      },
      "15": {
        "start": {
          "line": 50,
          "column": 6
        },
        "end": {
          "line": 50,
          "column": 44
        }
      },
      "16": {
        "start": {
          "line": 53,
          "column": 24
        },
        "end": {
          "line": 71,
          "column": 3
        }
      },
      "17": {
        "start": {
          "line": 54,
          "column": 18
        },
        "end": {
          "line": 54,
          "column": 43
        }
      },
      "18": {
        "start": {
          "line": 55,
          "column": 4
        },
        "end": {
          "line": 55,
          "column": 22
        }
      },
      "19": {
        "start": {
          "line": 56,
          "column": 4
        },
        "end": {
          "line": 56,
          "column": 25
        }
      },
      "20": {
        "start": {
          "line": 57,
          "column": 4
        },
        "end": {
          "line": 70,
          "column": 5
        }
      },
      "21": {
        "start": {
          "line": 58,
          "column": 6
        },
        "end": {
          "line": 63,
          "column": 7
        }
      },
      "22": {
        "start": {
          "line": 61,
          "column": 12
        },
        "end": {
          "line": 61,
          "column": 72
        }
      },
      "23": {
        "start": {
          "line": 65,
          "column": 6
        },
        "end": {
          "line": 65,
          "column": 21
        }
      },
      "24": {
        "start": {
          "line": 66,
          "column": 6
        },
        "end": {
          "line": 68,
          "column": 7
        }
      },
      "25": {
        "start": {
          "line": 67,
          "column": 8
        },
        "end": {
          "line": 67,
          "column": 32
        }
      },
      "26": {
        "start": {
          "line": 69,
          "column": 6
        },
        "end": {
          "line": 69,
          "column": 18
        }
      },
      "27": {
        "start": {
          "line": 72,
          "column": 25
        },
        "end": {
          "line": 74,
          "column": 3
        }
      },
      "28": {
        "start": {
          "line": 73,
          "column": 4
        },
        "end": {
          "line": 73,
          "column": 26
        }
      },
      "29": {
        "start": {
          "line": 75,
          "column": 2
        },
        "end": {
          "line": 117,
          "column": 3
        }
      },
      "30": {
        "start": {
          "line": 78,
          "column": 20
        },
        "end": {
          "line": 78,
          "column": 35
        }
      },
      "31": {
        "start": {
          "line": 95,
          "column": 22
        },
        "end": {
          "line": 95,
          "column": 34
        }
      },
      "32": {
        "start": {
          "line": 96,
          "column": 10
        },
        "end": {
          "line": 98,
          "column": 11
        }
      },
      "33": {
        "start": {
          "line": 97,
          "column": 12
        },
        "end": {
          "line": 97,
          "column": 29
        }
      },
      "34": {
        "start": {
          "line": 99,
          "column": 10
        },
        "end": {
          "line": 113,
          "column": 11
        }
      },
      "35": {
        "start": {
          "line": 103,
          "column": 34
        },
        "end": {
          "line": 103,
          "column": 50
        }
      },
      "36": {
        "start": {
          "line": 106,
          "column": 16
        },
        "end": {
          "line": 106,
          "column": 41
        }
      },
      "37": {
        "start": {
          "line": 107,
          "column": 16
        },
        "end": {
          "line": 107,
          "column": 45
        }
      },
      "38": {
        "start": {
          "line": 108,
          "column": 16
        },
        "end": {
          "line": 108,
          "column": 31
        }
      }
    },
    "fnMap": {
      "0": {
        "name": "(anonymous_0)",
        "decl": {
          "start": {
            "line": 25,
            "column": 55
          },
          "end": {
            "line": 25,
            "column": 56
          }
        },
        "loc": {
          "start": {
            "line": 35,
            "column": 24
          },
          "end": {
            "line": 118,
            "column": 1
          }
        },
        "line": 35
      },
      "1": {
        "name": "(anonymous_1)",
        "decl": {
          "start": {
            "line": 39,
            "column": 25
          },
          "end": {
            "line": 39,
            "column": 26
          }
        },
        "loc": {
          "start": {
            "line": 39,
            "column": 75
          },
          "end": {
            "line": 52,
            "column": 3
          }
        },
        "line": 39
      },
      "2": {
        "name": "(anonymous_2)",
        "decl": {
          "start": {
            "line": 53,
            "column": 24
          },
          "end": {
            "line": 53,
            "column": 25
          }
        },
        "loc": {
          "start": {
            "line": 53,
            "column": 72
          },
          "end": {
            "line": 71,
            "column": 3
          }
        },
        "line": 53
      },
      "3": {
        "name": "(anonymous_3)",
        "decl": {
          "start": {
            "line": 60,
            "column": 10
          },
          "end": {
            "line": 60,
            "column": 11
          }
        },
        "loc": {
          "start": {
            "line": 61,
            "column": 12
          },
          "end": {
            "line": 61,
            "column": 72
          }
        },
        "line": 61
      },
      "4": {
        "name": "(anonymous_4)",
        "decl": {
          "start": {
            "line": 72,
            "column": 25
          },
          "end": {
            "line": 72,
            "column": 26
          }
        },
        "loc": {
          "start": {
            "line": 72,
            "column": 54
          },
          "end": {
            "line": 74,
            "column": 3
          }
        },
        "line": 72
      },
      "5": {
        "name": "(anonymous_5)",
        "decl": {
          "start": {
            "line": 78,
            "column": 14
          },
          "end": {
            "line": 78,
            "column": 15
          }
        },
        "loc": {
          "start": {
            "line": 78,
            "column": 20
          },
          "end": {
            "line": 78,
            "column": 35
          }
        },
        "line": 78
      },
      "6": {
        "name": "(anonymous_6)",
        "decl": {
          "start": {
            "line": 94,
            "column": 22
          },
          "end": {
            "line": 94,
            "column": 23
          }
        },
        "loc": {
          "start": {
            "line": 94,
            "column": 45
          },
          "end": {
            "line": 114,
            "column": 9
          }
        },
        "line": 94
      },
      "7": {
        "name": "(anonymous_7)",
        "decl": {
          "start": {
            "line": 103,
            "column": 28
          },
          "end": {
            "line": 103,
            "column": 29
          }
        },
        "loc": {
          "start": {
            "line": 103,
            "column": 34
          },
          "end": {
            "line": 103,
            "column": 50
          }
        },
        "line": 103
      },
      "8": {
        "name": "(anonymous_8)",
        "decl": {
          "start": {
            "line": 105,
            "column": 23
          },
          "end": {
            "line": 105,
            "column": 24
          }
        },
        "loc": {
          "start": {
            "line": 105,
            "column": 29
          },
          "end": {
            "line": 109,
            "column": 15
          }
        },
        "line": 105
      }
    },
    "branchMap": {
      "0": {
        "loc": {
          "start": {
            "line": 26,
            "column": 2
          },
          "end": {
            "line": 26,
            "column": 21
          }
        },
        "type": "default-arg",
        "locations": [
          {
            "start": {
              "line": 26,
              "column": 12
            },
            "end": {
              "line": 26,
              "column": 21
            }
          }
        ],
        "line": 26
      },
      "1": {
        "loc": {
          "start": {
            "line": 40,
            "column": 4
          },
          "end": {
            "line": 51,
            "column": 5
          }
        },
        "type": "if",
        "locations": [
          {
            "start": {
              "line": 40,
              "column": 4
            },
            "end": {
              "line": 51,
              "column": 5
            }
          },
          {
            "start": {
              "line": 40,
              "column": 4
            },
            "end": {
              "line": 51,
              "column": 5
            }
          }
        ],
        "line": 40
      },
      "2": {
        "loc": {
          "start": {
            "line": 40,
            "column": 8
          },
          "end": {
            "line": 40,
            "column": 67
          }
        },
        "type": "binary-expr",
        "locations": [
          {
            "start": {
              "line": 40,
              "column": 8
            },
            "end": {
              "line": 40,
              "column": 33
            }
          },
          {
            "start": {
              "line": 40,
              "column": 37
            },
            "end": {
              "line": 40,
              "column": 67
            }
          }
        ],
        "line": 40
      },
      "3": {
        "loc": {
          "start": {
            "line": 42,
            "column": 11
          },
          "end": {
            "line": 51,
            "column": 5
          }
        },
        "type": "if",
        "locations": [
          {
            "start": {
              "line": 42,
              "column": 11
            },
            "end": {
              "line": 51,
              "column": 5
            }
          },
          {
            "start": {
              "line": 42,
              "column": 11
            },
            "end": {
              "line": 51,
              "column": 5
            }
          }
        ],
        "line": 42
      },
      "4": {
        "loc": {
          "start": {
            "line": 42,
            "column": 15
          },
          "end": {
            "line": 42,
            "column": 52
          }
        },
        "type": "binary-expr",
        "locations": [
          {
            "start": {
              "line": 42,
              "column": 15
            },
            "end": {
              "line": 42,
              "column": 38
            }
          },
          {
            "start": {
              "line": 42,
              "column": 42
            },
            "end": {
              "line": 42,
              "column": 52
            }
          }
        ],
        "line": 42
      },
      "5": {
        "loc": {
          "start": {
            "line": 44,
            "column": 11
          },
          "end": {
            "line": 51,
            "column": 5
          }
        },
        "type": "if",
        "locations": [
          {
            "start": {
              "line": 44,
              "column": 11
            },
            "end": {
              "line": 51,
              "column": 5
            }
          },
          {
            "start": {
              "line": 44,
              "column": 11
            },
            "end": {
              "line": 51,
              "column": 5
            }
          }
        ],
        "line": 44
      },
      "6": {
        "loc": {
          "start": {
            "line": 44,
            "column": 15
          },
          "end": {
            "line": 44,
            "column": 59
          }
        },
        "type": "binary-expr",
        "locations": [
          {
            "start": {
              "line": 44,
              "column": 15
            },
            "end": {
              "line": 44,
              "column": 36
            }
          },
          {
            "start": {
              "line": 44,
              "column": 40
            },
            "end": {
              "line": 44,
              "column": 59
            }
          }
        ],
        "line": 44
      },
      "7": {
        "loc": {
          "start": {
            "line": 48,
            "column": 11
          },
          "end": {
            "line": 51,
            "column": 5
          }
        },
        "type": "if",
        "locations": [
          {
            "start": {
              "line": 48,
              "column": 11
            },
            "end": {
              "line": 51,
              "column": 5
            }
          },
          {
            "start": {
              "line": 48,
              "column": 11
            },
            "end": {
              "line": 51,
              "column": 5
            }
          }
        ],
        "line": 48
      },
      "8": {
        "loc": {
          "start": {
            "line": 48,
            "column": 15
          },
          "end": {
            "line": 48,
            "column": 54
          }
        },
        "type": "binary-expr",
        "locations": [
          {
            "start": {
              "line": 48,
              "column": 15
            },
            "end": {
              "line": 48,
              "column": 36
            }
          },
          {
            "start": {
              "line": 48,
              "column": 40
            },
            "end": {
              "line": 48,
              "column": 54
            }
          }
        ],
        "line": 48
      },
      "9": {
        "loc": {
          "start": {
            "line": 57,
            "column": 4
          },
          "end": {
            "line": 70,
            "column": 5
          }
        },
        "type": "if",
        "locations": [
          {
            "start": {
              "line": 57,
              "column": 4
            },
            "end": {
              "line": 70,
              "column": 5
            }
          },
          {
            "start": {
              "line": 57,
              "column": 4
            },
            "end": {
              "line": 70,
              "column": 5
            }
          }
        ],
        "line": 57
      },
      "10": {
        "loc": {
          "start": {
            "line": 66,
            "column": 6
          },
          "end": {
            "line": 68,
            "column": 7
          }
        },
        "type": "if",
        "locations": [
          {
            "start": {
              "line": 66,
              "column": 6
            },
            "end": {
              "line": 68,
              "column": 7
            }
          },
          {
            "start": {
              "line": 66,
              "column": 6
            },
            "end": {
              "line": 68,
              "column": 7
            }
          }
        ],
        "line": 66
      },
      "11": {
        "loc": {
          "start": {
            "line": 81,
            "column": 9
          },
          "end": {
            "line": 81,
            "column": 65
          }
        },
        "type": "cond-expr",
        "locations": [
          {
            "start": {
              "line": 81,
              "column": 35
            },
            "end": {
              "line": 81,
              "column": 58
            }
          },
          {
            "start": {
              "line": 81,
              "column": 61
            },
            "end": {
              "line": 81,
              "column": 65
            }
          }
        ],
        "line": 81
      },
      "12": {
        "loc": {
          "start": {
            "line": 87,
            "column": 17
          },
          "end": {
            "line": 87,
            "column": 34
          }
        },
        "type": "binary-expr",
        "locations": [
          {
            "start": {
              "line": 87,
              "column": 17
            },
            "end": {
              "line": 87,
              "column": 22
            }
          },
          {
            "start": {
              "line": 87,
              "column": 26
            },
            "end": {
              "line": 87,
              "column": 34
            }
          }
        ],
        "line": 87
      },
      "13": {
        "loc": {
          "start": {
            "line": 89,
            "column": 9
          },
          "end": {
            "line": 91,
            "column": 16
          }
        },
        "type": "cond-expr",
        "locations": [
          {
            "start": {
              "line": 90,
              "column": 10
            },
            "end": {
              "line": 90,
              "column": 67
            }
          },
          {
            "start": {
              "line": 91,
              "column": 12
            },
            "end": {
              "line": 91,
              "column": 16
            }
          }
        ],
        "line": 89
      },
      "14": {
        "loc": {
          "start": {
            "line": 96,
            "column": 10
          },
          "end": {
            "line": 98,
            "column": 11
          }
        },
        "type": "if",
        "locations": [
          {
            "start": {
              "line": 96,
              "column": 10
            },
            "end": {
              "line": 98,
              "column": 11
            }
          },
          {
            "start": {
              "line": 96,
              "column": 10
            },
            "end": {
              "line": 98,
              "column": 11
            }
          }
        ],
        "line": 96
      }
    },
    "s": {
      "0": 49,
      "1": 174,
      "2": 174,
      "3": 174,
      "4": 174,
      "5": 30,
      "6": 0,
      "7": 30,
      "8": 0,
      "9": 30,
      "10": 0,
      "11": 0,
      "12": 0,
      "13": 30,
      "14": 0,
      "15": 0,
      "16": 174,
      "17": 36,
      "18": 36,
      "19": 36,
      "20": 36,
      "21": 30,
      "22": 240,
      "23": 6,
      "24": 6,
      "25": 0,
      "26": 6,
      "27": 174,
      "28": 6,
      "29": 174,
      "30": 0,
      "31": 96,
      "32": 96,
      "33": 72,
      "34": 96,
      "35": 6,
      "36": 6,
      "37": 6,
      "38": 6
    },
    "f": {
      "0": 174,
      "1": 30,
      "2": 36,
      "3": 240,
      "4": 6,
      "5": 0,
      "6": 96,
      "7": 6,
      "8": 6
    },
    "b": {
      "0": [
        0
      ],
      "1": [
        0,
        30
      ],
      "2": [
        30,
        0
      ],
      "3": [
        0,
        30
      ],
      "4": [
        30,
        0
      ],
      "5": [
        0,
        30
      ],
      "6": [
        30,
        0
      ],
      "7": [
        0,
        30
      ],
      "8": [
        30,
        0
      ],
      "9": [
        30,
        6
      ],
      "10": [
        0,
        6
      ],
      "11": [
        16,
        158
      ],
      "12": [
        174,
        174
      ],
      "13": [
        158,
        16
      ],
      "14": [
        72,
        24
      ]
    },
    "_coverageSchema": "1a1c01bbd47fc00a2c39e90264f33305004495a9",
    "hash": "85461867e3f9c8de1202235f900cb28761b29e92"
  },
  "/home/scifarer/ldev/Github/SINTEF/pds-fe/src/components/button/index.tsx": {
    "path": "/home/scifarer/ldev/Github/SINTEF/pds-fe/src/components/button/index.tsx",
    "statementMap": {
      "0": {
        "start": {
          "line": 40,
          "column": 45
        },
        "end": {
          "line": 69,
          "column": 1
        }
      },
      "1": {
        "start": {
          "line": 49,
          "column": 2
        },
        "end": {
          "line": 68,
          "column": 3
        }
      }
    },
    "fnMap": {
      "0": {
        "name": "(anonymous_0)",
        "decl": {
          "start": {
            "line": 40,
            "column": 45
          },
          "end": {
            "line": 40,
            "column": 46
          }
        },
        "loc": {
          "start": {
            "line": 48,
            "column": 19
          },
          "end": {
            "line": 69,
            "column": 1
          }
        },
        "line": 48
      }
    },
    "branchMap": {
      "0": {
        "loc": {
          "start": {
            "line": 41,
            "column": 2
          },
          "end": {
            "line": 41,
            "column": 19
          }
        },
        "type": "default-arg",
        "locations": [
          {
            "start": {
              "line": 41,
              "column": 9
            },
            "end": {
              "line": 41,
              "column": 19
            }
          }
        ],
        "line": 41
      },
      "1": {
        "loc": {
          "start": {
            "line": 42,
            "column": 2
          },
          "end": {
            "line": 42,
            "column": 17
          }
        },
        "type": "default-arg",
        "locations": [
          {
            "start": {
              "line": 42,
              "column": 9
            },
            "end": {
              "line": 42,
              "column": 17
            }
          }
        ],
        "line": 42
      },
      "2": {
        "loc": {
          "start": {
            "line": 43,
            "column": 2
          },
          "end": {
            "line": 43,
            "column": 24
          }
        },
        "type": "default-arg",
        "locations": [
          {
            "start": {
              "line": 43,
              "column": 9
            },
            "end": {
              "line": 43,
              "column": 24
            }
          }
        ],
        "line": 43
      },
      "3": {
        "loc": {
          "start": {
            "line": 58,
            "column": 9
          },
          "end": {
            "line": 65,
            "column": 16
          }
        },
        "type": "cond-expr",
        "locations": [
          {
            "start": {
              "line": 59,
              "column": 10
            },
            "end": {
              "line": 64,
              "column": 14
            }
          },
          {
            "start": {
              "line": 65,
              "column": 12
            },
            "end": {
              "line": 65,
              "column": 16
            }
          }
        ],
        "line": 58
      },
      "4": {
        "loc": {
          "start": {
            "line": 61,
            "column": 31
          },
          "end": {
            "line": 61,
            "column": 45
          }
        },
        "type": "binary-expr",
        "locations": [
          {
            "start": {
              "line": 61,
              "column": 31
            },
            "end": {
              "line": 61,
              "column": 39
            }
          },
          {
            "start": {
              "line": 61,
              "column": 43
            },
            "end": {
              "line": 61,
              "column": 45
            }
          }
        ],
        "line": 61
      }
    },
    "s": {
      "0": 49,
      "1": 380
    },
    "f": {
      "0": 380
    },
    "b": {
      "0": [
        242
      ],
      "1": [
        380
      ],
      "2": [
        380
      ],
      "3": [
        380,
        0
      ],
      "4": [
        380,
        380
      ]
    },
    "_coverageSchema": "1a1c01bbd47fc00a2c39e90264f33305004495a9",
    "hash": "de61fa90bc2e21880b7b3ff30bc0bb56e9cb6bd6"
  },
  "/home/scifarer/ldev/Github/SINTEF/pds-fe/src/routes/routes.constants.ts": {
    "path": "/home/scifarer/ldev/Github/SINTEF/pds-fe/src/routes/routes.constants.ts",
    "statementMap": {
      "0": {
        "start": {
          "line": 1,
          "column": 20
        },
        "end": {
          "line": 14,
          "column": 1
        }
      },
      "1": {
        "start": {
          "line": 16,
          "column": 34
        },
        "end": {
          "line": 21,
          "column": 1
        }
      },
      "2": {
        "start": {
          "line": 23,
          "column": 26
        },
        "end": {
          "line": 26,
          "column": 1
        }
      },
      "3": {
        "start": {
          "line": 28,
          "column": 32
        },
        "end": {
          "line": 33,
          "column": 1
        }
      }
    },
    "fnMap": {},
    "branchMap": {},
    "s": {
      "0": 49,
      "1": 49,
      "2": 49,
      "3": 49
    },
    "f": {},
    "b": {},
    "_coverageSchema": "1a1c01bbd47fc00a2c39e90264f33305004495a9",
    "hash": "f439d7a8ac800a951f298382ee0ccda6294d073b"
  },
  "/home/scifarer/ldev/Github/SINTEF/pds-fe/src/utils/context/userContext.tsx": {
    "path": "/home/scifarer/ldev/Github/SINTEF/pds-fe/src/utils/context/userContext.tsx",
    "statementMap": {
      "0": {
        "start": {
          "line": 9,
          "column": 27
        },
        "end": {
          "line": 9,
          "column": 77
        }
      },
      "1": {
        "start": {
          "line": 11,
          "column": 51
        },
        "end": {
          "line": 29,
          "column": 1
        }
      },
      "2": {
        "start": {
          "line": 14,
          "column": 28
        },
        "end": {
          "line": 20,
          "column": 3
        }
      },
      "3": {
        "start": {
          "line": 15,
          "column": 4
        },
        "end": {
          "line": 19,
          "column": 5
        }
      },
      "4": {
        "start": {
          "line": 16,
          "column": 6
        },
        "end": {
          "line": 16,
          "column": 69
        }
      },
      "5": {
        "start": {
          "line": 18,
          "column": 6
        },
        "end": {
          "line": 18,
          "column": 22
        }
      },
      "6": {
        "start": {
          "line": 22,
          "column": 26
        },
        "end": {
          "line": 22,
          "column": 74
        }
      },
      "7": {
        "start": {
          "line": 24,
          "column": 2
        },
        "end": {
          "line": 28,
          "column": 3
        }
      }
    },
    "fnMap": {
      "0": {
        "name": "(anonymous_0)",
        "decl": {
          "start": {
            "line": 11,
            "column": 51
          },
          "end": {
            "line": 11,
            "column": 52
          }
        },
        "loc": {
          "start": {
            "line": 13,
            "column": 38
          },
          "end": {
            "line": 29,
            "column": 1
          }
        },
        "line": 13
      },
      "1": {
        "name": "(anonymous_1)",
        "decl": {
          "start": {
            "line": 14,
            "column": 28
          },
          "end": {
            "line": 14,
            "column": 29
          }
        },
        "loc": {
          "start": {
            "line": 14,
            "column": 53
          },
          "end": {
            "line": 20,
            "column": 3
          }
        },
        "line": 14
      }
    },
    "branchMap": {
      "0": {
        "loc": {
          "start": {
            "line": 16,
            "column": 24
          },
          "end": {
            "line": 16,
            "column": 59
          }
        },
        "type": "binary-expr",
        "locations": [
          {
            "start": {
              "line": 16,
              "column": 24
            },
            "end": {
              "line": 16,
              "column": 53
            }
          },
          {
            "start": {
              "line": 16,
              "column": 57
            },
            "end": {
              "line": 16,
              "column": 59
            }
          }
        ],
        "line": 16
      }
    },
    "s": {
      "0": 49,
      "1": 49,
      "2": 110,
      "3": 110,
      "4": 110,
      "5": 20,
      "6": 110,
      "7": 110
    },
    "f": {
      "0": 110,
      "1": 110
    },
    "b": {
      "0": [
        110,
        20
      ]
    },
    "_coverageSchema": "1a1c01bbd47fc00a2c39e90264f33305004495a9",
    "hash": "04ad6193f67b0772baf2d69fe4782e3c921b5c9b"
  },
  "/home/scifarer/ldev/Github/SINTEF/pds-fe/src/pages/frontpage/index.tsx": {
    "path": "/home/scifarer/ldev/Github/SINTEF/pds-fe/src/pages/frontpage/index.tsx",
    "statementMap": {
      "0": {
        "start": {
          "line": 16,
          "column": 35
        },
        "end": {
          "line": 128,
          "column": 1
        }
      },
      "1": {
        "start": {
          "line": 17,
          "column": 18
        },
        "end": {
          "line": 17,
          "column": 30
        }
      },
      "2": {
        "start": {
          "line": 18,
          "column": 35
        },
        "end": {
          "line": 21,
          "column": 3
        }
      },
      "3": {
        "start": {
          "line": 22,
          "column": 22
        },
        "end": {
          "line": 22,
          "column": 61
        }
      },
      "4": {
        "start": {
          "line": 23,
          "column": 22
        },
        "end": {
          "line": 23,
          "column": 73
        }
      },
      "5": {
        "start": {
          "line": 23,
          "column": 52
        },
        "end": {
          "line": 23,
          "column": 66
        }
      },
      "6": {
        "start": {
          "line": 24,
          "column": 2
        },
        "end": {
          "line": 127,
          "column": 3
        }
      },
      "7": {
        "start": {
          "line": 34,
          "column": 34
        },
        "end": {
          "line": 34,
          "column": 39
        }
      },
      "8": {
        "start": {
          "line": 36,
          "column": 14
        },
        "end": {
          "line": 41,
          "column": 15
        }
      },
      "9": {
        "start": {
          "line": 46,
          "column": 27
        },
        "end": {
          "line": 46,
          "column": 57
        }
      },
      "10": {
        "start": {
          "line": 50,
          "column": 27
        },
        "end": {
          "line": 50,
          "column": 59
        }
      },
      "11": {
        "start": {
          "line": 62,
          "column": 34
        },
        "end": {
          "line": 62,
          "column": 39
        }
      },
      "12": {
        "start": {
          "line": 64,
          "column": 14
        },
        "end": {
          "line": 69,
          "column": 15
        }
      },
      "13": {
        "start": {
          "line": 74,
          "column": 27
        },
        "end": {
          "line": 74,
          "column": 57
        }
      },
      "14": {
        "start": {
          "line": 78,
          "column": 27
        },
        "end": {
          "line": 78,
          "column": 59
        }
      },
      "15": {
        "start": {
          "line": 90,
          "column": 34
        },
        "end": {
          "line": 90,
          "column": 39
        }
      },
      "16": {
        "start": {
          "line": 92,
          "column": 14
        },
        "end": {
          "line": 97,
          "column": 15
        }
      },
      "17": {
        "start": {
          "line": 102,
          "column": 27
        },
        "end": {
          "line": 102,
          "column": 57
        }
      },
      "18": {
        "start": {
          "line": 106,
          "column": 27
        },
        "end": {
          "line": 106,
          "column": 59
        }
      },
      "19": {
        "start": {
          "line": 111,
          "column": 14
        },
        "end": {
          "line": 111,
          "column": 77
        }
      },
      "20": {
        "start": {
          "line": 116,
          "column": 27
        },
        "end": {
          "line": 116,
          "column": 56
        }
      }
    },
    "fnMap": {
      "0": {
        "name": "(anonymous_0)",
        "decl": {
          "start": {
            "line": 16,
            "column": 35
          },
          "end": {
            "line": 16,
            "column": 36
          }
        },
        "loc": {
          "start": {
            "line": 16,
            "column": 41
          },
          "end": {
            "line": 128,
            "column": 1
          }
        },
        "line": 16
      },
      "1": {
        "name": "(anonymous_1)",
        "decl": {
          "start": {
            "line": 23,
            "column": 37
          },
          "end": {
            "line": 23,
            "column": 38
          }
        },
        "loc": {
          "start": {
            "line": 23,
            "column": 52
          },
          "end": {
            "line": 23,
            "column": 66
          }
        },
        "line": 23
      },
      "2": {
        "name": "(anonymous_2)",
        "decl": {
          "start": {
            "line": 34,
            "column": 28
          },
          "end": {
            "line": 34,
            "column": 29
          }
        },
        "loc": {
          "start": {
            "line": 34,
            "column": 34
          },
          "end": {
            "line": 34,
            "column": 39
          }
        },
        "line": 34
      },
      "3": {
        "name": "(anonymous_3)",
        "decl": {
          "start": {
            "line": 35,
            "column": 21
          },
          "end": {
            "line": 35,
            "column": 22
          }
        },
        "loc": {
          "start": {
            "line": 36,
            "column": 14
          },
          "end": {
            "line": 41,
            "column": 15
          }
        },
        "line": 36
      },
      "4": {
        "name": "(anonymous_4)",
        "decl": {
          "start": {
            "line": 46,
            "column": 21
          },
          "end": {
            "line": 46,
            "column": 22
          }
        },
        "loc": {
          "start": {
            "line": 46,
            "column": 27
          },
          "end": {
            "line": 46,
            "column": 57
          }
        },
        "line": 46
      },
      "5": {
        "name": "(anonymous_5)",
        "decl": {
          "start": {
            "line": 50,
            "column": 21
          },
          "end": {
            "line": 50,
            "column": 22
          }
        },
        "loc": {
          "start": {
            "line": 50,
            "column": 27
          },
          "end": {
            "line": 50,
            "column": 59
          }
        },
        "line": 50
      },
      "6": {
        "name": "(anonymous_6)",
        "decl": {
          "start": {
            "line": 62,
            "column": 28
          },
          "end": {
            "line": 62,
            "column": 29
          }
        },
        "loc": {
          "start": {
            "line": 62,
            "column": 34
          },
          "end": {
            "line": 62,
            "column": 39
          }
        },
        "line": 62
      },
      "7": {
        "name": "(anonymous_7)",
        "decl": {
          "start": {
            "line": 63,
            "column": 21
          },
          "end": {
            "line": 63,
            "column": 22
          }
        },
        "loc": {
          "start": {
            "line": 64,
            "column": 14
          },
          "end": {
            "line": 69,
            "column": 15
          }
        },
        "line": 64
      },
      "8": {
        "name": "(anonymous_8)",
        "decl": {
          "start": {
            "line": 74,
            "column": 21
          },
          "end": {
            "line": 74,
            "column": 22
          }
        },
        "loc": {
          "start": {
            "line": 74,
            "column": 27
          },
          "end": {
            "line": 74,
            "column": 57
          }
        },
        "line": 74
      },
      "9": {
        "name": "(anonymous_9)",
        "decl": {
          "start": {
            "line": 78,
            "column": 21
          },
          "end": {
            "line": 78,
            "column": 22
          }
        },
        "loc": {
          "start": {
            "line": 78,
            "column": 27
          },
          "end": {
            "line": 78,
            "column": 59
          }
        },
        "line": 78
      },
      "10": {
        "name": "(anonymous_10)",
        "decl": {
          "start": {
            "line": 90,
            "column": 28
          },
          "end": {
            "line": 90,
            "column": 29
          }
        },
        "loc": {
          "start": {
            "line": 90,
            "column": 34
          },
          "end": {
            "line": 90,
            "column": 39
          }
        },
        "line": 90
      },
      "11": {
        "name": "(anonymous_11)",
        "decl": {
          "start": {
            "line": 91,
            "column": 21
          },
          "end": {
            "line": 91,
            "column": 22
          }
        },
        "loc": {
          "start": {
            "line": 92,
            "column": 14
          },
          "end": {
            "line": 97,
            "column": 15
          }
        },
        "line": 92
      },
      "12": {
        "name": "(anonymous_12)",
        "decl": {
          "start": {
            "line": 102,
            "column": 21
          },
          "end": {
            "line": 102,
            "column": 22
          }
        },
        "loc": {
          "start": {
            "line": 102,
            "column": 27
          },
          "end": {
            "line": 102,
            "column": 57
          }
        },
        "line": 102
      },
      "13": {
        "name": "(anonymous_13)",
        "decl": {
          "start": {
            "line": 106,
            "column": 21
          },
          "end": {
            "line": 106,
            "column": 22
          }
        },
        "loc": {
          "start": {
            "line": 106,
            "column": 27
          },
          "end": {
            "line": 106,
            "column": 59
          }
        },
        "line": 106
      },
      "14": {
        "name": "(anonymous_14)",
        "decl": {
          "start": {
            "line": 110,
            "column": 21
          },
          "end": {
            "line": 110,
            "column": 22
          }
        },
        "loc": {
          "start": {
            "line": 111,
            "column": 14
          },
          "end": {
            "line": 111,
            "column": 77
          }
        },
        "line": 111
      },
      "15": {
        "name": "(anonymous_15)",
        "decl": {
          "start": {
            "line": 116,
            "column": 21
          },
          "end": {
            "line": 116,
            "column": 22
          }
        },
        "loc": {
          "start": {
            "line": 116,
            "column": 27
          },
          "end": {
            "line": 116,
            "column": 56
          }
        },
        "line": 116
      }
    },
    "branchMap": {
      "0": {
        "loc": {
          "start": {
            "line": 23,
            "column": 22
          },
          "end": {
            "line": 23,
            "column": 73
          }
        },
        "type": "binary-expr",
        "locations": [
          {
            "start": {
              "line": 23,
              "column": 22
            },
            "end": {
              "line": 23,
              "column": 67
            }
          },
          {
            "start": {
              "line": 23,
              "column": 71
            },
            "end": {
              "line": 23,
              "column": 73
            }
          }
        ],
        "line": 23
      },
      "1": {
        "loc": {
          "start": {
            "line": 27,
            "column": 7
          },
          "end": {
            "line": 53,
            "column": 14
          }
        },
        "type": "cond-expr",
        "locations": [
          {
            "start": {
              "line": 28,
              "column": 8
            },
            "end": {
              "line": 52,
              "column": 14
            }
          },
          {
            "start": {
              "line": 53,
              "column": 10
            },
            "end": {
              "line": 53,
              "column": 14
            }
          }
        ],
        "line": 27
      },
      "2": {
        "loc": {
          "start": {
            "line": 54,
            "column": 7
          },
          "end": {
            "line": 81,
            "column": 14
          }
        },
        "type": "cond-expr",
        "locations": [
          {
            "start": {
              "line": 55,
              "column": 8
            },
            "end": {
              "line": 80,
              "column": 14
            }
          },
          {
            "start": {
              "line": 81,
              "column": 10
            },
            "end": {
              "line": 81,
              "column": 14
            }
          }
        ],
        "line": 54
      },
      "3": {
        "loc": {
          "start": {
            "line": 56,
            "column": 11
          },
          "end": {
            "line": 56,
            "column": 34
          }
        },
        "type": "binary-expr",
        "locations": [
          {
            "start": {
              "line": 56,
              "column": 11
            },
            "end": {
              "line": 56,
              "column": 18
            }
          },
          {
            "start": {
              "line": 56,
              "column": 22
            },
            "end": {
              "line": 56,
              "column": 34
            }
          }
        ],
        "line": 56
      },
      "4": {
        "loc": {
          "start": {
            "line": 82,
            "column": 7
          },
          "end": {
            "line": 121,
            "column": 7
          }
        },
        "type": "cond-expr",
        "locations": [
          {
            "start": {
              "line": 83,
              "column": 8
            },
            "end": {
              "line": 118,
              "column": 14
            }
          },
          {
            "start": {
              "line": 120,
              "column": 8
            },
            "end": {
              "line": 120,
              "column": 25
            }
          }
        ],
        "line": 82
      },
      "5": {
        "loc": {
          "start": {
            "line": 84,
            "column": 11
          },
          "end": {
            "line": 84,
            "column": 34
          }
        },
        "type": "binary-expr",
        "locations": [
          {
            "start": {
              "line": 84,
              "column": 11
            },
            "end": {
              "line": 84,
              "column": 18
            }
          },
          {
            "start": {
              "line": 84,
              "column": 22
            },
            "end": {
              "line": 84,
              "column": 34
            }
          }
        ],
        "line": 84
      },
      "6": {
        "loc": {
          "start": {
            "line": 120,
            "column": 8
          },
          "end": {
            "line": 120,
            "column": 25
          }
        },
        "type": "binary-expr",
        "locations": [
          {
            "start": {
              "line": 120,
              "column": 8
            },
            "end": {
              "line": 120,
              "column": 13
            }
          },
          {
            "start": {
              "line": 120,
              "column": 17
            },
            "end": {
              "line": 120,
              "column": 25
            }
          }
        ],
        "line": 120
      }
    },
    "s": {
      "0": 49,
      "1": 74,
      "2": 74,
      "3": 74,
      "4": 74,
      "5": 144,
      "6": 74,
      "7": 12,
      "8": 2,
      "9": 2,
      "10": 2,
      "11": 12,
      "12": 2,
      "13": 2,
      "14": 2,
      "15": 12,
      "16": 2,
      "17": 2,
      "18": 2,
      "19": 2,
      "20": 2
    },
    "f": {
      "0": 74,
      "1": 144,
      "2": 12,
      "3": 2,
      "4": 2,
      "5": 2,
      "6": 12,
      "7": 2,
      "8": 2,
      "9": 2,
      "10": 12,
      "11": 2,
      "12": 2,
      "13": 2,
      "14": 2,
      "15": 2
    },
    "b": {
      "0": [
        74,
        56
      ],
      "1": [
        22,
        52
      ],
      "2": [
        22,
        52
      ],
      "3": [
        22,
        16
      ],
      "4": [
        30,
        44
      ],
      "5": [
        30,
        24
      ],
      "6": [
        44,
        0
      ]
    },
    "_coverageSchema": "1a1c01bbd47fc00a2c39e90264f33305004495a9",
    "hash": "b6bcfed372f2f6e2d49519d180c3ca186cec19df"
  },
  "/home/scifarer/ldev/Github/SINTEF/pds-fe/src/components/input-field/index.tsx": {
    "path": "/home/scifarer/ldev/Github/SINTEF/pds-fe/src/components/input-field/index.tsx",
    "statementMap": {
      "0": {
        "start": {
          "line": 15,
          "column": 48
        },
        "end": {
          "line": 96,
          "column": 1
        }
      },
      "1": {
        "start": {
          "line": 25,
          "column": 38
        },
        "end": {
          "line": 25,
          "column": 64
        }
      },
      "2": {
        "start": {
          "line": 26,
          "column": 24
        },
        "end": {
          "line": 39,
          "column": 3
        }
      },
      "3": {
        "start": {
          "line": 29,
          "column": 4
        },
        "end": {
          "line": 33,
          "column": 5
        }
      },
      "4": {
        "start": {
          "line": 30,
          "column": 6
        },
        "end": {
          "line": 30,
          "column": 25
        }
      },
      "5": {
        "start": {
          "line": 31,
          "column": 11
        },
        "end": {
          "line": 33,
          "column": 5
        }
      },
      "6": {
        "start": {
          "line": 32,
          "column": 6
        },
        "end": {
          "line": 32,
          "column": 26
        }
      },
      "7": {
        "start": {
          "line": 34,
          "column": 4
        },
        "end": {
          "line": 38,
          "column": 5
        }
      },
      "8": {
        "start": {
          "line": 35,
          "column": 6
        },
        "end": {
          "line": 35,
          "column": 76
        }
      },
      "9": {
        "start": {
          "line": 37,
          "column": 6
        },
        "end": {
          "line": 37,
          "column": 40
        }
      },
      "10": {
        "start": {
          "line": 41,
          "column": 2
        },
        "end": {
          "line": 95,
          "column": 3
        }
      }
    },
    "fnMap": {
      "0": {
        "name": "(anonymous_0)",
        "decl": {
          "start": {
            "line": 15,
            "column": 48
          },
          "end": {
            "line": 15,
            "column": 49
          }
        },
        "loc": {
          "start": {
            "line": 24,
            "column": 18
          },
          "end": {
            "line": 96,
            "column": 1
          }
        },
        "line": 24
      },
      "1": {
        "name": "(anonymous_1)",
        "decl": {
          "start": {
            "line": 26,
            "column": 24
          },
          "end": {
            "line": 26,
            "column": 25
          }
        },
        "loc": {
          "start": {
            "line": 28,
            "column": 7
          },
          "end": {
            "line": 39,
            "column": 3
          }
        },
        "line": 28
      }
    },
    "branchMap": {
      "0": {
        "loc": {
          "start": {
            "line": 16,
            "column": 2
          },
          "end": {
            "line": 16,
            "column": 15
          }
        },
        "type": "default-arg",
        "locations": [
          {
            "start": {
              "line": 16,
              "column": 9
            },
            "end": {
              "line": 16,
              "column": 15
            }
          }
        ],
        "line": 16
      },
      "1": {
        "loc": {
          "start": {
            "line": 17,
            "column": 2
          },
          "end": {
            "line": 17,
            "column": 21
          }
        },
        "type": "default-arg",
        "locations": [
          {
            "start": {
              "line": 17,
              "column": 12
            },
            "end": {
              "line": 17,
              "column": 21
            }
          }
        ],
        "line": 17
      },
      "2": {
        "loc": {
          "start": {
            "line": 29,
            "column": 4
          },
          "end": {
            "line": 33,
            "column": 5
          }
        },
        "type": "if",
        "locations": [
          {
            "start": {
              "line": 29,
              "column": 4
            },
            "end": {
              "line": 33,
              "column": 5
            }
          },
          {
            "start": {
              "line": 29,
              "column": 4
            },
            "end": {
              "line": 33,
              "column": 5
            }
          }
        ],
        "line": 29
      },
      "3": {
        "loc": {
          "start": {
            "line": 29,
            "column": 8
          },
          "end": {
            "line": 29,
            "column": 48
          }
        },
        "type": "binary-expr",
        "locations": [
          {
            "start": {
              "line": 29,
              "column": 8
            },
            "end": {
              "line": 29,
              "column": 33
            }
          },
          {
            "start": {
              "line": 29,
              "column": 37
            },
            "end": {
              "line": 29,
              "column": 48
            }
          }
        ],
        "line": 29
      },
      "4": {
        "loc": {
          "start": {
            "line": 31,
            "column": 11
          },
          "end": {
            "line": 33,
            "column": 5
          }
        },
        "type": "if",
        "locations": [
          {
            "start": {
              "line": 31,
              "column": 11
            },
            "end": {
              "line": 33,
              "column": 5
            }
          },
          {
            "start": {
              "line": 31,
              "column": 11
            },
            "end": {
              "line": 33,
              "column": 5
            }
          }
        ],
        "line": 31
      },
      "5": {
        "loc": {
          "start": {
            "line": 31,
            "column": 15
          },
          "end": {
            "line": 31,
            "column": 54
          }
        },
        "type": "binary-expr",
        "locations": [
          {
            "start": {
              "line": 31,
              "column": 15
            },
            "end": {
              "line": 31,
              "column": 40
            }
          },
          {
            "start": {
              "line": 31,
              "column": 44
            },
            "end": {
              "line": 31,
              "column": 54
            }
          }
        ],
        "line": 31
      },
      "6": {
        "loc": {
          "start": {
            "line": 34,
            "column": 4
          },
          "end": {
            "line": 38,
            "column": 5
          }
        },
        "type": "if",
        "locations": [
          {
            "start": {
              "line": 34,
              "column": 4
            },
            "end": {
              "line": 38,
              "column": 5
            }
          },
          {
            "start": {
              "line": 34,
              "column": 4
            },
            "end": {
              "line": 38,
              "column": 5
            }
          }
        ],
        "line": 34
      },
      "7": {
        "loc": {
          "start": {
            "line": 45,
            "column": 8
          },
          "end": {
            "line": 45,
            "column": 37
          }
        },
        "type": "cond-expr",
        "locations": [
          {
            "start": {
              "line": 45,
              "column": 18
            },
            "end": {
              "line": 45,
              "column": 32
            }
          },
          {
            "start": {
              "line": 45,
              "column": 35
            },
            "end": {
              "line": 45,
              "column": 37
            }
          }
        ],
        "line": 45
      },
      "8": {
        "loc": {
          "start": {
            "line": 46,
            "column": 8
          },
          "end": {
            "line": 46,
            "column": 54
          }
        },
        "type": "cond-expr",
        "locations": [
          {
            "start": {
              "line": 46,
              "column": 30
            },
            "end": {
              "line": 46,
              "column": 49
            }
          },
          {
            "start": {
              "line": 46,
              "column": 52
            },
            "end": {
              "line": 46,
              "column": 54
            }
          }
        ],
        "line": 46
      },
      "9": {
        "loc": {
          "start": {
            "line": 50,
            "column": 19
          },
          "end": {
            "line": 50,
            "column": 79
          }
        },
        "type": "cond-expr",
        "locations": [
          {
            "start": {
              "line": 50,
              "column": 43
            },
            "end": {
              "line": 50,
              "column": 64
            }
          },
          {
            "start": {
              "line": 50,
              "column": 67
            },
            "end": {
              "line": 50,
              "column": 79
            }
          }
        ],
        "line": 50
      },
      "10": {
        "loc": {
          "start": {
            "line": 54,
            "column": 12
          },
          "end": {
            "line": 56,
            "column": 18
          }
        },
        "type": "cond-expr",
        "locations": [
          {
            "start": {
              "line": 55,
              "column": 16
            },
            "end": {
              "line": 55,
              "column": 32
            }
          },
          {
            "start": {
              "line": 56,
              "column": 16
            },
            "end": {
              "line": 56,
              "column": 18
            }
          }
        ],
        "line": 54
      },
      "11": {
        "loc": {
          "start": {
            "line": 54,
            "column": 12
          },
          "end": {
            "line": 54,
            "column": 68
          }
        },
        "type": "binary-expr",
        "locations": [
          {
            "start": {
              "line": 54,
              "column": 12
            },
            "end": {
              "line": 54,
              "column": 33
            }
          },
          {
            "start": {
              "line": 54,
              "column": 38
            },
            "end": {
              "line": 54,
              "column": 48
            }
          },
          {
            "start": {
              "line": 54,
              "column": 52
            },
            "end": {
              "line": 54,
              "column": 67
            }
          }
        ],
        "line": 54
      },
      "12": {
        "loc": {
          "start": {
            "line": 58,
            "column": 30
          },
          "end": {
            "line": 58,
            "column": 69
          }
        },
        "type": "cond-expr",
        "locations": [
          {
            "start": {
              "line": 58,
              "column": 52
            },
            "end": {
              "line": 58,
              "column": 64
            }
          },
          {
            "start": {
              "line": 58,
              "column": 67
            },
            "end": {
              "line": 58,
              "column": 69
            }
          }
        ],
        "line": 58
      },
      "13": {
        "loc": {
          "start": {
            "line": 63,
            "column": 9
          },
          "end": {
            "line": 72,
            "column": 16
          }
        },
        "type": "cond-expr",
        "locations": [
          {
            "start": {
              "line": 64,
              "column": 10
            },
            "end": {
              "line": 71,
              "column": 22
            }
          },
          {
            "start": {
              "line": 72,
              "column": 12
            },
            "end": {
              "line": 72,
              "column": 16
            }
          }
        ],
        "line": 63
      },
      "14": {
        "loc": {
          "start": {
            "line": 73,
            "column": 9
          },
          "end": {
            "line": 80,
            "column": 16
          }
        },
        "type": "cond-expr",
        "locations": [
          {
            "start": {
              "line": 74,
              "column": 10
            },
            "end": {
              "line": 79,
              "column": 19
            }
          },
          {
            "start": {
              "line": 80,
              "column": 12
            },
            "end": {
              "line": 80,
              "column": 16
            }
          }
        ],
        "line": 73
      },
      "15": {
        "loc": {
          "start": {
            "line": 81,
            "column": 9
          },
          "end": {
            "line": 89,
            "column": 16
          }
        },
        "type": "cond-expr",
        "locations": [
          {
            "start": {
              "line": 82,
              "column": 10
            },
            "end": {
              "line": 88,
              "column": 19
            }
          },
          {
            "start": {
              "line": 89,
              "column": 12
            },
            "end": {
              "line": 89,
              "column": 16
            }
          }
        ],
        "line": 81
      },
      "16": {
        "loc": {
          "start": {
            "line": 81,
            "column": 9
          },
          "end": {
            "line": 81,
            "column": 47
          }
        },
        "type": "binary-expr",
        "locations": [
          {
            "start": {
              "line": 81,
              "column": 9
            },
            "end": {
              "line": 81,
              "column": 28
            }
          },
          {
            "start": {
              "line": 81,
              "column": 32
            },
            "end": {
              "line": 81,
              "column": 47
            }
          }
        ],
        "line": 81
      },
      "17": {
        "loc": {
          "start": {
            "line": 90,
            "column": 9
          },
          "end": {
            "line": 92,
            "column": 16
          }
        },
        "type": "cond-expr",
        "locations": [
          {
            "start": {
              "line": 91,
              "column": 10
            },
            "end": {
              "line": 91,
              "column": 67
            }
          },
          {
            "start": {
              "line": 92,
              "column": 12
            },
            "end": {
              "line": 92,
              "column": 16
            }
          }
        ],
        "line": 90
      }
    },
    "s": {
      "0": 49,
      "1": 552,
      "2": 552,
      "3": 102,
      "4": 14,
      "5": 88,
      "6": 0,
      "7": 102,
      "8": 0,
      "9": 102,
      "10": 552
    },
    "f": {
      "0": 552,
      "1": 102
    },
    "b": {
      "0": [
        276
      ],
      "1": [
        552
      ],
      "2": [
        14,
        88
      ],
      "3": [
        102,
        102
      ],
      "4": [
        0,
        88
      ],
      "5": [
        88,
        0
      ],
      "6": [
        0,
        102
      ],
      "7": [
        72,
        480
      ],
      "8": [
        0,
        552
      ],
      "9": [
        552,
        0
      ],
      "10": [
        396,
        156
      ],
      "11": [
        552,
        552,
        156
      ],
      "12": [
        0,
        552
      ],
      "13": [
        0,
        552
      ],
      "14": [
        0,
        552
      ],
      "15": [
        552,
        0
      ],
      "16": [
        552,
        552
      ],
      "17": [
        552,
        0
      ]
    },
    "_coverageSchema": "1a1c01bbd47fc00a2c39e90264f33305004495a9",
    "hash": "651d3e7a359e94b522612f35e06eec6121d5b0d1"
  },
  "/home/scifarer/ldev/Github/SINTEF/pds-fe/src/utils/hooks/useLocalStorage.tsx": {
    "path": "/home/scifarer/ldev/Github/SINTEF/pds-fe/src/utils/hooks/useLocalStorage.tsx",
    "statementMap": {
      "0": {
        "start": {
          "line": 14,
          "column": 40
        },
        "end": {
          "line": 28,
          "column": 4
        }
      },
      "1": {
        "start": {
          "line": 15,
          "column": 4
        },
        "end": {
          "line": 27,
          "column": 5
        }
      },
      "2": {
        "start": {
          "line": 18,
          "column": 19
        },
        "end": {
          "line": 18,
          "column": 51
        }
      },
      "3": {
        "start": {
          "line": 22,
          "column": 6
        },
        "end": {
          "line": 22,
          "column": 58
        }
      },
      "4": {
        "start": {
          "line": 26,
          "column": 6
        },
        "end": {
          "line": 26,
          "column": 25
        }
      },
      "5": {
        "start": {
          "line": 34,
          "column": 19
        },
        "end": {
          "line": 54,
          "column": 3
        }
      },
      "6": {
        "start": {
          "line": 35,
          "column": 4
        },
        "end": {
          "line": 53,
          "column": 5
        }
      },
      "7": {
        "start": {
          "line": 39,
          "column": 8
        },
        "end": {
          "line": 39,
          "column": 62
        }
      },
      "8": {
        "start": {
          "line": 43,
          "column": 6
        },
        "end": {
          "line": 43,
          "column": 34
        }
      },
      "9": {
        "start": {
          "line": 47,
          "column": 6
        },
        "end": {
          "line": 47,
          "column": 74
        }
      },
      "10": {
        "start": {
          "line": 52,
          "column": 6
        },
        "end": {
          "line": 52,
          "column": 24
        }
      },
      "11": {
        "start": {
          "line": 56,
          "column": 2
        },
        "end": {
          "line": 56,
          "column": 34
        }
      }
    },
    "fnMap": {
      "0": {
        "name": "useLocalStorage",
        "decl": {
          "start": {
            "line": 3,
            "column": 24
          },
          "end": {
            "line": 3,
            "column": 39
          }
        },
        "loc": {
          "start": {
            "line": 9,
            "column": 2
          },
          "end": {
            "line": 57,
            "column": 1
          }
        },
        "line": 9
      },
      "1": {
        "name": "(anonymous_1)",
        "decl": {
          "start": {
            "line": 14,
            "column": 52
          },
          "end": {
            "line": 14,
            "column": 53
          }
        },
        "loc": {
          "start": {
            "line": 14,
            "column": 58
          },
          "end": {
            "line": 28,
            "column": 3
          }
        },
        "line": 14
      },
      "2": {
        "name": "(anonymous_2)",
        "decl": {
          "start": {
            "line": 34,
            "column": 19
          },
          "end": {
            "line": 34,
            "column": 20
          }
        },
        "loc": {
          "start": {
            "line": 34,
            "column": 33
          },
          "end": {
            "line": 54,
            "column": 3
          }
        },
        "line": 34
      }
    },
    "branchMap": {
      "0": {
        "loc": {
          "start": {
            "line": 22,
            "column": 13
          },
          "end": {
            "line": 22,
            "column": 58
          }
        },
        "type": "cond-expr",
        "locations": [
          {
            "start": {
              "line": 22,
              "column": 21
            },
            "end": {
              "line": 22,
              "column": 42
            }
          },
          {
            "start": {
              "line": 22,
              "column": 46
            },
            "end": {
              "line": 22,
              "column": 58
            }
          }
        ],
        "line": 22
      },
      "1": {
        "loc": {
          "start": {
            "line": 39,
            "column": 8
          },
          "end": {
            "line": 39,
            "column": 62
          }
        },
        "type": "cond-expr",
        "locations": [
          {
            "start": {
              "line": 39,
              "column": 36
            },
            "end": {
              "line": 39,
              "column": 54
            }
          },
          {
            "start": {
              "line": 39,
              "column": 57
            },
            "end": {
              "line": 39,
              "column": 62
            }
          }
        ],
        "line": 39
      },
      "2": {
        "loc": {
          "start": {
            "line": 47,
            "column": 54
          },
          "end": {
            "line": 47,
            "column": 72
          }
        },
        "type": "binary-expr",
        "locations": [
          {
            "start": {
              "line": 47,
              "column": 54
            },
            "end": {
              "line": 47,
              "column": 66
            }
          },
          {
            "start": {
              "line": 47,
              "column": 70
            },
            "end": {
              "line": 47,
              "column": 72
            }
          }
        ],
        "line": 47
      }
    },
    "s": {
      "0": 682,
      "1": 338,
      "2": 338,
      "3": 338,
      "4": 0,
      "5": 682,
      "6": 6,
      "7": 6,
      "8": 6,
      "9": 6,
      "10": 0,
      "11": 682
    },
    "f": {
      "0": 682,
      "1": 338,
      "2": 6
    },
    "b": {
      "0": [
        258,
        80
      ],
      "1": [
        0,
        6
      ],
      "2": [
        6,
        0
      ]
    },
    "_coverageSchema": "1a1c01bbd47fc00a2c39e90264f33305004495a9",
    "hash": "c10b688c587de1284ce01547e60f495ba29e14fd"
  },
  "/home/scifarer/ldev/Github/SINTEF/pds-fe/src/pages/login/index.tsx": {
    "path": "/home/scifarer/ldev/Github/SINTEF/pds-fe/src/pages/login/index.tsx",
    "statementMap": {
      "0": {
        "start": {
          "line": 20,
          "column": 31
        },
        "end": {
          "line": 98,
          "column": 1
        }
      },
      "1": {
        "start": {
          "line": 21,
          "column": 45
        },
        "end": {
          "line": 27,
          "column": 3
        }
      },
      "2": {
        "start": {
          "line": 24,
          "column": 6
        },
        "end": {
          "line": 24,
          "column": 50
        }
      },
      "3": {
        "start": {
          "line": 25,
          "column": 6
        },
        "end": {
          "line": 25,
          "column": 20
        }
      },
      "4": {
        "start": {
          "line": 28,
          "column": 23
        },
        "end": {
          "line": 28,
          "column": 59
        }
      },
      "5": {
        "start": {
          "line": 29,
          "column": 18
        },
        "end": {
          "line": 29,
          "column": 30
        }
      },
      "6": {
        "start": {
          "line": 30,
          "column": 22
        },
        "end": {
          "line": 30,
          "column": 61
        }
      },
      "7": {
        "start": {
          "line": 31,
          "column": 26
        },
        "end": {
          "line": 34,
          "column": 4
        }
      },
      "8": {
        "start": {
          "line": 36,
          "column": 41
        },
        "end": {
          "line": 45,
          "column": 3
        }
      },
      "9": {
        "start": {
          "line": 37,
          "column": 4
        },
        "end": {
          "line": 37,
          "column": 20
        }
      },
      "10": {
        "start": {
          "line": 38,
          "column": 4
        },
        "end": {
          "line": 44,
          "column": 5
        }
      },
      "11": {
        "start": {
          "line": 39,
          "column": 20
        },
        "end": {
          "line": 39,
          "column": 65
        }
      },
      "12": {
        "start": {
          "line": 40,
          "column": 6
        },
        "end": {
          "line": 40,
          "column": 21
        }
      },
      "13": {
        "start": {
          "line": 41,
          "column": 27
        },
        "end": {
          "line": 41,
          "column": 53
        }
      },
      "14": {
        "start": {
          "line": 42,
          "column": 6
        },
        "end": {
          "line": 42,
          "column": 39
        }
      },
      "15": {
        "start": {
          "line": 43,
          "column": 6
        },
        "end": {
          "line": 43,
          "column": 46
        }
      },
      "16": {
        "start": {
          "line": 43,
          "column": 23
        },
        "end": {
          "line": 43,
          "column": 40
        }
      },
      "17": {
        "start": {
          "line": 47,
          "column": 2
        },
        "end": {
          "line": 97,
          "column": 3
        }
      },
      "18": {
        "start": {
          "line": 56,
          "column": 12
        },
        "end": {
          "line": 56,
          "column": 59
        }
      },
      "19": {
        "start": {
          "line": 67,
          "column": 12
        },
        "end": {
          "line": 67,
          "column": 59
        }
      },
      "20": {
        "start": {
          "line": 86,
          "column": 27
        },
        "end": {
          "line": 86,
          "column": 38
        }
      },
      "21": {
        "start": {
          "line": 92,
          "column": 12
        },
        "end": {
          "line": 92,
          "column": 37
        }
      }
    },
    "fnMap": {
      "0": {
        "name": "(anonymous_0)",
        "decl": {
          "start": {
            "line": 20,
            "column": 31
          },
          "end": {
            "line": 20,
            "column": 32
          }
        },
        "loc": {
          "start": {
            "line": 20,
            "column": 37
          },
          "end": {
            "line": 98,
            "column": 1
          }
        },
        "line": 20
      },
      "1": {
        "name": "(anonymous_1)",
        "decl": {
          "start": {
            "line": 23,
            "column": 4
          },
          "end": {
            "line": 23,
            "column": 5
          }
        },
        "loc": {
          "start": {
            "line": 23,
            "column": 17
          },
          "end": {
            "line": 26,
            "column": 5
          }
        },
        "line": 23
      },
      "2": {
        "name": "(anonymous_2)",
        "decl": {
          "start": {
            "line": 36,
            "column": 41
          },
          "end": {
            "line": 36,
            "column": 42
          }
        },
        "loc": {
          "start": {
            "line": 36,
            "column": 53
          },
          "end": {
            "line": 45,
            "column": 3
          }
        },
        "line": 36
      },
      "3": {
        "name": "(anonymous_3)",
        "decl": {
          "start": {
            "line": 43,
            "column": 17
          },
          "end": {
            "line": 43,
            "column": 18
          }
        },
        "loc": {
          "start": {
            "line": 43,
            "column": 23
          },
          "end": {
            "line": 43,
            "column": 40
          }
        },
        "line": 43
      },
      "4": {
        "name": "(anonymous_4)",
        "decl": {
          "start": {
            "line": 55,
            "column": 26
          },
          "end": {
            "line": 55,
            "column": 27
          }
        },
        "loc": {
          "start": {
            "line": 56,
            "column": 12
          },
          "end": {
            "line": 56,
            "column": 59
          }
        },
        "line": 56
      },
      "5": {
        "name": "(anonymous_5)",
        "decl": {
          "start": {
            "line": 66,
            "column": 26
          },
          "end": {
            "line": 66,
            "column": 27
          }
        },
[...]
          {
            "start": {
              "line": 114,
              "column": 38
            },
            "end": {
              "line": 114,
              "column": 53
            }
          },
          {
            "start": {
              "line": 114,
              "column": 57
            },
            "end": {
              "line": 114,
              "column": 72
            }
          }
        ],
        "line": 114
      },
      "3": {
        "loc": {
          "start": {
            "line": 128,
            "column": 6
          },
          "end": {
            "line": 132,
            "column": 71
          }
        },
        "type": "binary-expr",
        "locations": [
          {
            "start": {
              "line": 128,
              "column": 6
            },
            "end": {
              "line": 128,
              "column": 28
            }
          },
          {
            "start": {
              "line": 129,
              "column": 6
            },
            "end": {
              "line": 129,
              "column": 36
            }
          },
          {
            "start": {
              "line": 130,
              "column": 6
            },
            "end": {
              "line": 130,
              "column": 31
            }
          },
          {
            "start": {
              "line": 131,
              "column": 6
            },
            "end": {
              "line": 131,
              "column": 35
            }
          },
          {
            "start": {
              "line": 132,
              "column": 6
            },
            "end": {
              "line": 132,
              "column": 71
            }
          }
        ],
        "line": 128
      },
      "4": {
        "loc": {
          "start": {
            "line": 341,
            "column": 11
          },
          "end": {
            "line": 346,
            "column": 18
          }
        },
        "type": "cond-expr",
        "locations": [
          {
            "start": {
              "line": 342,
              "column": 12
            },
            "end": {
              "line": 345,
              "column": 16
            }
          },
          {
            "start": {
              "line": 346,
              "column": 14
            },
            "end": {
              "line": 346,
              "column": 18
            }
          }
        ],
        "line": 341
      },
      "5": {
        "loc": {
          "start": {
            "line": 343,
            "column": 15
          },
          "end": {
            "line": 344,
            "column": 87
          }
        },
        "type": "binary-expr",
        "locations": [
          {
            "start": {
              "line": 343,
              "column": 15
            },
            "end": {
              "line": 343,
              "column": 37
            }
          },
          {
            "start": {
              "line": 344,
              "column": 16
            },
            "end": {
              "line": 344,
              "column": 87
            }
          }
        ],
        "line": 343
      }
    },
    "s": {
      "0": 49,
      "1": 0,
      "2": 0,
      "3": 0,
      "4": 0,
      "5": 0,
      "6": 0,
      "7": 0,
      "8": 0,
      "9": 0,
      "10": 0,
      "11": 0,
      "12": 0,
      "13": 0,
      "14": 0,
      "15": 0,
      "16": 0,
      "17": 0,
      "18": 0,
      "19": 0,
      "20": 0,
      "21": 0,
      "22": 0,
      "23": 0,
      "24": 0,
      "25": 0,
      "26": 0,
      "27": 0,
      "28": 0,
      "29": 0,
      "30": 0,
      "31": 0,
      "32": 0,
      "33": 0,
      "34": 0,
      "35": 0,
      "36": 0,
      "37": 0,
      "38": 0,
      "39": 0,
      "40": 0,
      "41": 0,
      "42": 0,
      "43": 0,
      "44": 0,
      "45": 0,
      "46": 0,
      "47": 0,
      "48": 0,
      "49": 0,
      "50": 0,
      "51": 0,
      "52": 0,
      "53": 0,
      "54": 0
    },
    "f": {
      "0": 0,
      "1": 0,
      "2": 0,
      "3": 0,
      "4": 0,
      "5": 0,
      "6": 0,
      "7": 0,
      "8": 0,
      "9": 0,
      "10": 0,
      "11": 0,
      "12": 0,
      "13": 0,
      "14": 0,
      "15": 0,
      "16": 0,
      "17": 0,
      "18": 0,
      "19": 0,
      "20": 0,
      "21": 0,
      "22": 0,
      "23": 0,
      "24": 0,
      "25": 0,
      "26": 0,
      "27": 0
    },
    "b": {
      "0": [
        0,
        0
      ],
      "1": [
        0,
        0
      ],
      "2": [
        0,
        0
      ],
      "3": [
        0,
        0,
        0,
        0,
        0
      ],
      "4": [
        0,
        0
      ],
      "5": [
        0,
        0
      ]
    },
    "_coverageSchema": "1a1c01bbd47fc00a2c39e90264f33305004495a9",
    "hash": "369dc5b50f85299cd3901bd136870d33c961b3ae"
  },
  "/home/scifarer/ldev/Github/SINTEF/pds-fe/src/pages/register-new-user/idex.tsx": {
    "path": "/home/scifarer/ldev/Github/SINTEF/pds-fe/src/pages/register-new-user/idex.tsx",
    "statementMap": {
      "0": {
        "start": {
          "line": 19,
          "column": 45
        },
        "end": {
          "line": 113,
          "column": 1
        }
      },
      "1": {
        "start": {
          "line": 20,
          "column": 22
        },
        "end": {
          "line": 26,
          "column": 3
        }
      },
      "2": {
        "start": {
          "line": 27,
          "column": 37
        },
        "end": {
          "line": 27,
          "column": 68
        }
      },
      "3": {
        "start": {
          "line": 28,
          "column": 29
        },
        "end": {
          "line": 28,
          "column": 49
        }
      },
      "4": {
        "start": {
          "line": 29,
          "column": 18
        },
        "end": {
          "line": 29,
          "column": 30
        }
      },
      "5": {
        "start": {
          "line": 31,
          "column": 71
        },
        "end": {
          "line": 33,
          "column": 3
        }
      },
      "6": {
        "start": {
          "line": 35,
          "column": 23
        },
        "end": {
          "line": 37,
          "column": 3
        }
      },
      "7": {
        "start": {
          "line": 36,
          "column": 4
        },
        "end": {
          "line": 36,
          "column": 24
        }
      },
      "8": {
        "start": {
          "line": 39,
          "column": 26
        },
        "end": {
          "line": 46,
          "column": 3
        }
      },
      "9": {
        "start": {
          "line": 40,
          "column": 4
        },
        "end": {
          "line": 45,
          "column": 5
        }
      },
      "10": {
        "start": {
          "line": 48,
          "column": 2
        },
        "end": {
          "line": 112,
          "column": 3
        }
      },
      "11": {
        "start": {
          "line": 59,
          "column": 12
        },
        "end": {
          "line": 59,
          "column": 70
        }
      },
      "12": {
        "start": {
          "line": 68,
          "column": 12
        },
        "end": {
          "line": 68,
          "column": 67
        }
      },
      "13": {
        "start": {
          "line": 77,
          "column": 12
        },
        "end": {
          "line": 77,
          "column": 70
        }
      },
      "14": {
        "start": {
          "line": 85,
          "column": 37
        },
        "end": {
          "line": 85,
          "column": 60
        }
      },
      "15": {
        "start": {
          "line": 92,
          "column": 16
        },
        "end": {
          "line": 92,
          "column": 42
        }
      },
      "16": {
        "start": {
          "line": 93,
          "column": 16
        },
        "end": {
          "line": 93,
          "column": 39
        }
      },
      "17": {
        "start": {
          "line": 94,
          "column": 16
        },
        "end": {
          "line": 94,
          "column": 26
        }
      },
      "18": {
        "start": {
          "line": 102,
          "column": 32
        },
        "end": {
          "line": 102,
          "column": 49
        }
      }
    },
    "fnMap": {
      "0": {
        "name": "(anonymous_0)",
        "decl": {
          "start": {
            "line": 19,
            "column": 45
          },
          "end": {
            "line": 19,
            "column": 46
          }
        },
        "loc": {
          "start": {
            "line": 19,
            "column": 51
          },
          "end": {
            "line": 113,
            "column": 1
          }
        },
        "line": 19
      },
      "1": {
        "name": "(anonymous_1)",
        "decl": {
          "start": {
            "line": 35,
            "column": 23
          },
          "end": {
            "line": 35,
            "column": 24
          }
        },
        "loc": {
          "start": {
            "line": 35,
            "column": 49
          },
          "end": {
            "line": 37,
            "column": 3
          }
        },
        "line": 35
      },
      "2": {
        "name": "(anonymous_2)",
        "decl": {
          "start": {
            "line": 39,
            "column": 26
          },
          "end": {
            "line": 39,
            "column": 27
          }
        },
        "loc": {
          "start": {
            "line": 39,
            "column": 32
          },
          "end": {
            "line": 46,
            "column": 3
          }
        },
        "line": 39
      },
      "3": {
        "name": "(anonymous_3)",
        "decl": {
          "start": {
            "line": 58,
            "column": 26
          },
          "end": {
            "line": 58,
            "column": 27
          }
        },
        "loc": {
          "start": {
            "line": 59,
            "column": 12
          },
          "end": {
            "line": 59,
            "column": 70
          }
        },
        "line": 59
      },
      "4": {
        "name": "(anonymous_4)",
        "decl": {
          "start": {
            "line": 67,
            "column": 26
          },
          "end": {
            "line": 67,
            "column": 27
          }
        },
        "loc": {
          "start": {
            "line": 68,
            "column": 12
          },
          "end": {
            "line": 68,
            "column": 67
          }
        },
        "line": 68
      },
      "5": {
        "name": "(anonymous_5)",
        "decl": {
          "start": {
            "line": 76,
            "column": 26
          },
          "end": {
            "line": 76,
            "column": 27
          }
        },
        "loc": {
          "start": {
            "line": 77,
            "column": 12
          },
          "end": {
            "line": 77,
            "column": 70
          }
        },
        "line": 77
      },
      "6": {
        "name": "(anonymous_6)",
        "decl": {
          "start": {
            "line": 85,
            "column": 26
          },
          "end": {
            "line": 85,
            "column": 27
          }
        },
        "loc": {
          "start": {
            "line": 85,
            "column": 37
          },
          "end": {
            "line": 85,
            "column": 60
          }
        },
        "line": 85
      },
      "7": {
        "name": "(anonymous_7)",
        "decl": {
          "start": {
            "line": 91,
            "column": 23
          },
          "end": {
            "line": 91,
            "column": 24
          }
        },
        "loc": {
          "start": {
            "line": 91,
            "column": 29
          },
          "end": {
            "line": 95,
            "column": 15
          }
        },
        "line": 91
      },
      "8": {
        "name": "(anonymous_8)",
        "decl": {
          "start": {
            "line": 102,
            "column": 26
          },
          "end": {
            "line": 102,
            "column": 27
          }
        },
        "loc": {
          "start": {
            "line": 102,
            "column": 32
          },
          "end": {
            "line": 102,
            "column": 49
          }
        },
        "line": 102
      }
    },
    "branchMap": {
      "0": {
        "loc": {
          "start": {
            "line": 41,
            "column": 6
          },
          "end": {
            "line": 44,
            "column": 40
          }
        },
        "type": "binary-expr",
        "locations": [
          {
            "start": {
              "line": 41,
              "column": 6
            },
            "end": {
              "line": 41,
              "column": 34
            }
          },
          {
            "start": {
              "line": 42,
              "column": 6
            },
            "end": {
              "line": 42,
              "column": 31
            }
          },
          {
            "start": {
              "line": 43,
              "column": 6
            },
            "end": {
              "line": 43,
              "column": 34
            }
          },
          {
            "start": {
              "line": 44,
              "column": 6
            },
            "end": {
              "line": 44,
              "column": 40
            }
          }
        ],
        "line": 41
      },
      "1": {
        "loc": {
          "start": {
            "line": 87,
            "column": 9
          },
          "end": {
            "line": 98,
            "column": 9
          }
        },
        "type": "binary-expr",
        "locations": [
          {
            "start": {
              "line": 87,
              "column": 9
            },
            "end": {
              "line": 87,
              "column": 26
            }
          },
          {
            "start": {
              "line": 88,
              "column": 10
            },
            "end": {
              "line": 97,
              "column": 16
            }
          }
        ],
        "line": 87
      },
      "2": {
        "loc": {
          "start": {
            "line": 99,
            "column": 9
          },
          "end": {
            "line": 106,
            "column": 16
          }
        },
        "type": "cond-expr",
        "locations": [
          {
            "start": {
              "line": 100,
              "column": 10
            },
            "end": {
              "line": 105,
              "column": 13
            }
          },
          {
            "start": {
              "line": 106,
              "column": 12
            },
            "end": {
              "line": 106,
              "column": 16
            }
          }
        ],
        "line": 99
      },
      "3": {
        "loc": {
          "start": {
            "line": 107,
            "column": 9
          },
          "end": {
            "line": 109,
            "column": 16
          }
        },
        "type": "cond-expr",
        "locations": [
          {
            "start": {
              "line": 108,
              "column": 10
            },
            "end": {
              "line": 108,
              "column": 78
            }
          },
          {
            "start": {
              "line": 109,
              "column": 12
            },
            "end": {
              "line": 109,
              "column": 16
            }
          }
        ],
        "line": 107
      }
    },
    "s": {
      "0": 49,
      "1": 0,
      "2": 0,
      "3": 0,
      "4": 0,
      "5": 0,
      "6": 0,
      "7": 0,
      "8": 0,
      "9": 0,
      "10": 0,
      "11": 0,
      "12": 0,
      "13": 0,
      "14": 0,
      "15": 0,
      "16": 0,
      "17": 0,
      "18": 0
    },
    "f": {
      "0": 0,
      "1": 0,
      "2": 0,
      "3": 0,
      "4": 0,
      "5": 0,
      "6": 0,
      "7": 0,
      "8": 0
    },
    "b": {
      "0": [
        0,
        0,
        0,
        0
      ],
      "1": [
        0,
        0
      ],
      "2": [
        0,
        0
      ],
      "3": [
        0,
        0
      ]
    },
    "_coverageSchema": "1a1c01bbd47fc00a2c39e90264f33305004495a9",
    "hash": "760d333cc23678c7c3b10d51077f17beecd653b8"
  },
  "/home/scifarer/ldev/Github/SINTEF/pds-fe/src/App.tsx": {
    "path": "/home/scifarer/ldev/Github/SINTEF/pds-fe/src/App.tsx",
    "statementMap": {
      "0": {
        "start": {
          "line": 25,
          "column": 33
        },
        "end": {
          "line": 25,
          "column": 69
        }
      },
      "1": {
        "start": {
          "line": 27,
          "column": 36
        },
        "end": {
          "line": 41,
          "column": 3
        }
      },
      "2": {
        "start": {
          "line": 33,
          "column": 8
        },
        "end": {
          "line": 36,
          "column": 9
        }
      },
      "3": {
        "start": {
          "line": 38,
          "column": 8
        },
        "end": {
          "line": 38,
          "column": 22
        }
      },
      "4": {
        "start": {
          "line": 42,
          "column": 2
        },
        "end": {
          "line": 91,
          "column": 3
        }
      }
    },
    "fnMap": {
      "0": {
        "name": "App",
        "decl": {
          "start": {
            "line": 24,
            "column": 9
          },
          "end": {
            "line": 24,
            "column": 12
          }
        },
        "loc": {
          "start": {
            "line": 24,
            "column": 28
          },
          "end": {
            "line": 92,
            "column": 1
          }
        },
        "line": 24
      },
      "1": {
        "name": "(anonymous_1)",
        "decl": {
          "start": {
            "line": 32,
            "column": 15
          },
          "end": {
            "line": 32,
            "column": 16
          }
        },
        "loc": {
          "start": {
            "line": 32,
            "column": 32
          },
          "end": {
            "line": 39,
            "column": 7
          }
        },
        "line": 32
      }
    },
    "branchMap": {
      "0": {
        "loc": {
          "start": {
            "line": 44,
            "column": 11
          },
          "end": {
            "line": 44,
            "column": 67
          }
        },
        "type": "binary-expr",
        "locations": [
          {
            "start": {
              "line": 44,
              "column": 11
            },
            "end": {
              "line": 44,
              "column": 40
            }
          },
          {
            "start": {
              "line": 44,
              "column": 44
            },
            "end": {
              "line": 44,
              "column": 67
            }
          }
        ],
        "line": 44
      }
    },
    "s": {
      "0": 98,
      "1": 98,
      "2": 104,
      "3": 104,
      "4": 98
    },
    "f": {
      "0": 98,
      "1": 104
    },
    "b": {
      "0": [
        98,
        0
      ]
    },
    "_coverageSchema": "1a1c01bbd47fc00a2c39e90264f33305004495a9",
    "hash": "426977a395972a20b838d5df4f268972fdb5293a"
  },
  "/home/scifarer/ldev/Github/SINTEF/pds-fe/src/index.tsx": {
    "path": "/home/scifarer/ldev/Github/SINTEF/pds-fe/src/index.tsx",
    "statementMap": {
      "0": {
        "start": {
          "line": 6,
          "column": 0
        },
        "end": {
          "line": 11,
          "column": 1
        }
      }
    },
    "fnMap": {},
    "branchMap": {},
    "s": {
      "0": 49
    },
    "f": {},
    "b": {},
    "_coverageSchema": "1a1c01bbd47fc00a2c39e90264f33305004495a9",
    "hash": "fb43febb2058f4eef535665bed002413914b7f01"
  }
}